
tm:00:00:00, br:0, al:0, pt:0, fd:0, ok:0
 1S| 6S| o | o | o | 3S| 4E
---+---+---+---+---+---+---
   | o | o | 5S| o |   |   
---+---+---+---+---+---+---
   |   | 6E|   |   |   |   
---+---+---+---+---+---+---
   |   | 4S|   | o |   | o 
---+---+---+---+---+---+---
 o | o | o | 5E| o | 3E| o 
---+---+---+---+---+---+---
 o | 2S| o | o | o | o | o 
---+---+---+---+---+---+---
 o |   | 1E|   |   |   | 2E

.............................................
tm:00:00:00, br:6, al:55, pt:8, fd:1, ok:45
 1*| 6*> 6*> 6*> 6*| 3*| 4*
 v +---+---+---+ v + v + ^ 
 1*| 5*< 5*< 5*| 6*| 3*| 4*
 v + v +---+---+ v + v + ^ 
 1*| 5*| 6*< 6*< 6*| 3*| 4*
 v + v +---+---+---+ v + ^ 
 1*| 5*| 4*> 4*> 4*| 3*| 4*
 v + v +---+---+ v + v + ^ 
 1*| 5*> 5*> 5*| 4*| 3*| 4*
 v +---+---+---+ v +---+ ^ 
 1*| 2*> 2*> 2*| 4*> 4*> 4*
 v +---+---+ v +---+---+---
 1*> 1*> 1*| 2*> 2*> 2*> 2*

